2024-10-24 14:08:48 [info]: Бот qt#1430 подключен и готов к работе!
2024-10-24 14:08:48 [info]: Обрабатываем сервер: any (1160507203485179934)
2024-10-24 14:08:49 [info]: Все каналы сервера "any" успешно загружены.
2024-10-24 14:08:49 [info]: Найдено 0 каналов с префиксом "by-" в сервере "any".
2024-10-24 14:43:53 [info]: Пользователь qpov открыл выпадающий список для выбора голосового канала.
2024-10-24 14:43:55 [info]: Сервер "any" установил канал для создания комнат: "Create room" (ID: 1298660053250867354).
2024-10-24 15:01:32 [info]: Создан новый канал: by-zoxan9603 (1298949488076914790) в сервере "any".
2024-10-24 15:01:33 [info]: Пользователь zoxan9603 перемещён в канал "by-zoxan9603".
2024-10-24 15:05:04 [info]: Пользователь qpov удалил все сообщения от qpov в канале "by-zoxan9603".
2024-10-24 15:09:13 [info]: Пользователь qpov удалил все сообщения от qpov в канале "by-zoxan9603".
2024-10-24 15:09:34 [info]: Пользователь qpov удалил все сообщения от qpov в канале "by-zoxan9603".
2024-10-24 15:12:13 [info]: Пользователь qpov удалил все сообщения от qpov в канале "by-zoxan9603".
2024-10-24 15:13:39 [info]: Пользователь qpov удалил все сообщения от qpov в канале "by-zoxan9603".
2024-10-24 15:17:10 [info]: Пользователь qpov удалил все сообщения от qpov в канале "by-zoxan9603".
2024-10-24 15:17:17 [info]: Пользователь qpov удалил все сообщения от zoxan9603 в канале "by-zoxan9603".
2024-10-24 15:17:38 [info]: Пользователь zoxan9603 удалил все сообщения от zoxan9603 в канале "by-zoxan9603".
2024-10-24 15:17:46 [info]: Пользователь zoxan9603 удалил все сообщения от qpov в канале "by-zoxan9603".
2024-10-24 15:17:52 [info]: Пользователь qpov удалил все сообщения от qpov в канале "by-zoxan9603".
2024-10-24 15:17:57 [error]: Не удалось удалить подтверждающее сообщение: DiscordAPIError[10008]: Unknown Message
    at handleErrors (C:\Users\User 1\Downloads\qt_dev\node_modules\@discordjs\rest\dist\index.js:727:13)
    at process.processTicksAndRejections (node:internal/process/task_queues:95:5)
    at async SequentialHandler.runRequest (C:\Users\User 1\Downloads\qt_dev\node_modules\@discordjs\rest\dist\index.js:1128:23)
    at async SequentialHandler.queueRequest (C:\Users\User 1\Downloads\qt_dev\node_modules\@discordjs\rest\dist\index.js:959:14)
    at async _REST.request (C:\Users\User 1\Downloads\qt_dev\node_modules\@discordjs\rest\dist\index.js:1272:22)
    at async GuildMessageManager.delete (C:\Users\User 1\Downloads\qt_dev\node_modules\discord.js\src\managers\MessageManager.js:267:5)
    at async Message.delete (C:\Users\User 1\Downloads\qt_dev\node_modules\discord.js\src\structures\Message.js:896:5)
2024-10-24 15:17:58 [info]: Пользователь qpov удалил все сообщения от qt#1430 в канале "by-zoxan9603".
2024-10-24 15:18:57 [info]: Пользователь qpov удалил все сообщения от qpov в канале "by-zoxan9603".
2024-10-24 15:24:59 [info]: Пользователь qpov удалил все сообщения от qpov в канале "by-zoxan9603".
2024-10-24 15:27:45 [info]: Пользователь qpov удалил все сообщения от qpov в канале "by-zoxan9603".
2024-10-24 15:33:30 [info]: Пользователь qpov удалил все сообщения от qpov в канале "by-zoxan9603".
2024-10-24 15:36:44 [info]: Пользователь qpov удалил все сообщения от qpov в канале "by-zoxan9603".
2024-10-24 15:37:59 [info]: Пользователь qpov удалил все сообщения от qpov в канале "by-zoxan9603".
2024-10-24 15:38:17 [info]: Пользователь qpov удалил все сообщения от qpov в канале "by-zoxan9603".
2024-10-24 15:39:56 [info]: Пользователь qpov удалил все сообщения от qpov в канале "by-zoxan9603".
2024-10-24 15:40:42 [info]: Пользователь qpov удалил все сообщения от qpov в канале "by-zoxan9603".
2024-10-24 15:40:54 [info]: Пользователь qpov удалил все сообщения от qpov в канале "by-zoxan9603".
2024-10-24 15:42:54 [info]: Пользователь qpov удалил все сообщения от qpov в канале "by-zoxan9603".
2024-10-24 15:45:04 [info]: Пользователь qpov удалил все сообщения от qpov в канале "by-zoxan9603".
2024-10-24 15:46:33 [info]: Пользователь qpov удалил все сообщения от qpov в канале "by-zoxan9603".
2024-10-24 15:48:27 [info]: Пользователь qpov удалил все сообщения от qpov в канале "by-zoxan9603".
2024-10-24 15:49:22 [info]: Пользователь qpov удалил все сообщения от qpov в канале "by-zoxan9603".
2024-10-24 15:52:48 [info]: Пользователь qpov удалил все сообщения от qpov в канале "by-zoxan9603".
2024-10-24 15:53:18 [info]: Пользователь qpov удалил все сообщения от qpov в канале "by-zoxan9603".
2024-10-24 15:54:18 [info]: Пользователь qpov удалил все сообщения от qpov в канале "by-zoxan9603".
2024-10-24 15:57:31 [info]: Пользователь qpov удалил все сообщения от qpov в канале "by-zoxan9603".
2024-10-24 16:06:35 [info]: Пользователь qpov удалил все сообщения от qpov в канале "by-zoxan9603".
2024-10-24 16:07:08 [info]: Пользователь qpov удалил все сообщения от qpov в канале "by-zoxan9603".
2024-10-24 16:07:32 [info]: Пользователь qpov удалил все сообщения от qpov в канале "by-zoxan9603".
2024-10-24 16:08:18 [info]: Пользователь zoxan9603 отметил пользователя с ID 657183023787409428 как читера.
2024-10-24 16:08:28 [info]: Пользователь zoxan9603 отметил пользователя с ID 657183023787409428 как читера.
2024-10-24 16:08:37 [info]: Пользователь qpov удалил все сообщения от qpov в канале "by-zoxan9603".
2024-10-24 16:08:50 [info]: Пользователь qpov удалил все сообщения от qpov в канале "by-zoxan9603".
2024-10-24 16:08:54 [info]: Пользователь qpov удалил все сообщения от qt#1430 в канале "by-zoxan9603".
2024-10-24 16:08:55 [error]: Не удалось удалить подтверждающее сообщение: DiscordAPIError[10008]: Unknown Message
    at handleErrors (C:\Users\User 1\Downloads\qt_dev\node_modules\@discordjs\rest\dist\index.js:727:13)
    at process.processTicksAndRejections (node:internal/process/task_queues:95:5)
    at async SequentialHandler.runRequest (C:\Users\User 1\Downloads\qt_dev\node_modules\@discordjs\rest\dist\index.js:1128:23)
    at async SequentialHandler.queueRequest (C:\Users\User 1\Downloads\qt_dev\node_modules\@discordjs\rest\dist\index.js:959:14)
    at async _REST.request (C:\Users\User 1\Downloads\qt_dev\node_modules\@discordjs\rest\dist\index.js:1272:22)
    at async GuildMessageManager.delete (C:\Users\User 1\Downloads\qt_dev\node_modules\discord.js\src\managers\MessageManager.js:267:5)
    at async Message.delete (C:\Users\User 1\Downloads\qt_dev\node_modules\discord.js\src\structures\Message.js:896:5)
2024-10-24 16:10:23 [info]: Пользователь qpov удалил все сообщения от qpov в канале "by-zoxan9603".
2024-10-24 16:22:16 [info]: Пользователь qpov удалил все сообщения от qpov в канале "by-zoxan9603".
2024-10-24 16:29:36 [info]: Пользователь qpov удалил все сообщения от qpov в канале "by-zoxan9603".
2024-10-24 16:31:37 [info]: Пользователь qpov удалил все сообщения от qpov в канале "by-zoxan9603".
2024-10-24 16:33:26 [info]: Канал by-zoxan9603 (1298949488076914790) будет удалён, так как он пуст.
2024-10-24 16:33:26 [info]: Канал by-zoxan9603 успешно удалён.
2024-10-24 17:10:21 [info]: Создан новый канал: by-zoxan9603 (1298981900718706710) в сервере "any".
2024-10-24 17:10:21 [info]: Пользователь zoxan9603 перемещён в канал "by-zoxan9603".
2024-10-24 17:10:21 [info]: Создан новый канал: by-zoxan9603 (1298981903617101846) в сервере "any".
2024-10-24 17:10:22 [info]: Канал by-zoxan9603 (1298981900718706710) будет удалён, так как он пуст.
2024-10-24 17:10:22 [info]: Пользователь zoxan9603 перемещён в канал "by-zoxan9603".
2024-10-24 17:10:22 [info]: Канал by-zoxan9603 успешно удалён.
2024-10-24 17:14:54 [info]: Пользователь qpov удалил все сообщения от qpov в канале "by-zoxan9603".
2024-10-24 17:15:00 [info]: Пользователь qpov удалил все сообщения от qpov в канале "by-zoxan9603".
2024-10-24 17:15:08 [info]: Пользователь qpov удалил все сообщения от qpov в канале "by-zoxan9603".
2024-10-24 17:16:11 [info]: Пользователь qpov удалил все сообщения от qpov в канале "by-zoxan9603".
2024-10-24 17:16:30 [info]: Пользователь qpov удалил все сообщения от qpov в канале "by-zoxan9603".
2024-10-24 17:17:21 [info]: Пользователь qpov удалил все сообщения от qpov в канале "by-zoxan9603".
2024-10-24 17:20:23 [info]: Пользователь qpov удалил все сообщения от qpov в канале "by-zoxan9603".
2024-10-24 17:20:47 [info]: Пользователь zoxan9603 удалил все сообщения от qpov в канале "by-zoxan9603".
2024-10-24 17:20:59 [info]: Пользователь zoxan9603 удалил все сообщения от zoxan9603 в канале "by-zoxan9603".
2024-10-24 17:22:11 [info]: Пользователь zoxan9603 удалил все сообщения от qpov в канале "by-zoxan9603".
2024-10-24 17:23:01 [info]: Пользователь qpov удалил все сообщения от qpov в канале "by-zoxan9603".
2024-10-24 17:24:50 [info]: Пользователь qpov удалил все сообщения от qpov в канале "by-zoxan9603".
2024-10-24 17:27:34 [info]: Пользователь qpov удалил все сообщения от qpov в канале "chat".
2024-10-24 17:28:00 [info]: Пользователь qpov удалил все сообщения от qpov в канале "chat".
2024-10-24 17:28:49 [info]: Пользователь qpov удалил все сообщения от qpov в канале "by-zoxan9603".
2024-10-24 17:29:31 [info]: Пользователь qpov удалил все сообщения от qpov в канале "by-zoxan9603".
2024-10-24 17:30:56 [info]: Пользователь qpov удалил все сообщения от qpov в канале "by-zoxan9603".
2024-10-24 17:32:51 [info]: Пользователь qpov удалил все сообщения от qpov в канале "by-zoxan9603".
2024-10-24 17:35:58 [info]: Канал by-zoxan9603 (1298981903617101846) будет удалён, так как он пуст.
2024-10-24 17:35:59 [info]: Канал by-zoxan9603 успешно удалён.
2024-10-24 17:36:00 [info]: Создан новый канал: by-zoxan9603 (1298988358609010799) в сервере "any".
2024-10-24 17:36:01 [info]: Пользователь zoxan9603 перемещён в канал "by-zoxan9603".
2024-10-24 17:36:08 [info]: Канал by-zoxan9603 (1298988358609010799) будет удалён, так как он пуст.
2024-10-24 17:36:08 [info]: Канал by-zoxan9603 успешно удалён.
